{
  "stats": {
    "suites": 1,
    "tests": 1,
    "passes": 1,
    "pending": 0,
    "failures": 0,
    "start": "2021-03-05T11:55:46.170Z",
    "end": "2021-03-05T11:56:05.618Z",
    "duration": 19448,
    "testsRegistered": 1,
    "passPercent": 100,
    "pendingPercent": 0,
    "other": 0,
    "hasOther": false,
    "skipped": 0,
    "hasSkipped": false
  },
  "results": [
    {
      "uuid": "c881f3d9-9212-496d-916c-2752bada378e",
      "title": "",
      "fullFile": "cypress\\integration\\Unibuddy\\ForgotPassword.js",
      "file": "cypress\\integration\\Unibuddy\\ForgotPassword.js",
      "beforeHooks": [],
      "afterHooks": [],
      "tests": [],
      "suites": [
        {
          "uuid": "7293c1b3-8f99-4ff1-95ad-4e50b221a745",
          "title": "To test the functionality forgot password",
          "fullFile": "",
          "file": "",
          "beforeHooks": [],
          "afterHooks": [],
          "tests": [
            {
              "title": "Forgot password",
              "fullTitle": "To test the functionality forgot password Forgot password",
              "timedOut": null,
              "duration": 16603,
              "state": "passed",
              "speed": "slow",
              "pass": true,
              "fail": false,
              "pending": false,
              "context": null,
              "code": "cy.visit('https://events-staging.unibuddy.co/your-university/my-first-event/');\ncy.get('._2U8E > :nth-child(2)').should('contain', 'welcome');\ncy.get(':nth-child(2) > ._1KQ0').should('have.text', 'New to Unibuddy?');\ncy.get(':nth-child(1) > ._3wAa').click();\ncy.get('._1DiB').should('have.text', 'Login');\ncy.get('#resetPassword').should('have.text', 'Forgot your password?');\ncy.get('#resetPassword').click();\ncy.get('#email').should('exist');\ncy.get('._1DiB').should('have.text', 'Reset Password');\ncy.get('#continue').should('have.text', 'Send Link');\ncy.get('#email').type(\"testuser5@gmail.com\");\ncy.get('#continue').click();\ncy.url().should('include', 'resetrequested');\ncy.get('._1DiB').should('have.text', 'Reset Requested');\ncy.get('._1Ph5 > a').should('have.text', 'Login here');",
              "err": {},
              "uuid": "93f680b7-581e-4590-9e99-e3e55089a238",
              "parentUUID": "7293c1b3-8f99-4ff1-95ad-4e50b221a745",
              "isHook": false,
              "skipped": false
            }
          ],
          "suites": [],
          "passes": [
            "93f680b7-581e-4590-9e99-e3e55089a238"
          ],
          "failures": [],
          "pending": [],
          "skipped": [],
          "duration": 16603,
          "root": false,
          "rootEmpty": false,
          "_timeout": 2000
        }
      ],
      "passes": [],
      "failures": [],
      "pending": [],
      "skipped": [],
      "duration": 0,
      "root": true,
      "rootEmpty": true,
      "_timeout": 2000
    }
  ],
  "meta": {
    "mocha": {
      "version": "7.0.1"
    },
    "mochawesome": {
      "options": {
        "quiet": false,
        "reportFilename": "report",
        "saveHtml": true,
        "saveJson": true,
        "consoleReporter": "spec",
        "useInlineDiffs": false,
        "code": true
      },
      "version": "6.2.2"
    },
    "marge": {
      "options": {
        "reportDir": "cypress/reports",
        "reportFilename": "report",
        "overwrite": false,
        "html": true,
        "json": true,
        "charts": true
      },
      "version": "5.2.0"
    }
  }
}